<?xml version="1.0" encoding="UTF-8"?>
<robot generator="Robot 4.1 (Python 3.9.6 on linux)" generated="20210902 23:01:31.238" rpa="false" schemaversion="2">
<suite id="s1" name="CreateCharacters" source="/home/adbosa/robot-space/marvel-api/specs/CreateCharacters.robot">
<test id="s1-t1" name="Deve cadastrar um personagem">
<kw name="Header Builder">
<arg>golias@zoo.ny</arg>
<kw name="Create Dictionary" library="BuiltIn">
<var>&amp;{usuario}</var>
<arg>email=${email}</arg>
<doc>Creates and returns a dictionary based on the given ``items``.</doc>
<msg timestamp="20210902 23:01:33.228" level="INFO">&amp;{usuario} = { email=golias@zoo.ny }</msg>
<status status="PASS" starttime="20210902 23:01:33.226" endtime="20210902 23:01:33.228"/>
</kw>
<kw name="POST" library="RequestsLibrary">
<var>${response}</var>
<arg>http://marvel.qaninja.academy/accounts</arg>
<arg>json=${usuario}</arg>
<doc>Sends a POST request.</doc>
<msg timestamp="20210902 23:01:33.746" level="INFO">POST Request : url=http://marvel.qaninja.academy/accounts 
 path_url=/accounts 
 headers={'User-Agent': 'python-requests/2.26.0', 'Accept-Encoding': 'gzip, deflate', 'Accept': '*/*', 'Connection': 'keep-alive', 'Content-Length': '26', 'Content-Type': 'application/json'} 
 body=b'{"email": "golias@zoo.ny"}' 
 </msg>
<msg timestamp="20210902 23:01:33.746" level="INFO">POST Response : url=http://marvel.qaninja.academy/accounts 
 status=200, reason=OK 
 headers={'Server': 'Cowboy', 'Connection': 'keep-alive', 'X-Powered-By': 'Express', 'Access-Control-Allow-Origin': '*', 'Content-Type': 'application/json; charset=utf-8', 'Content-Length': '41', 'Etag': 'W/"29-YQRn8XRGGtpyueWhfUrRgddCJp4"', 'Date': 'Fri, 03 Sep 2021 02:01:33 GMT', 'Via': '1.1 vegur'} 
 body={"client_key":"61302a70874ab200165f19db"} 
 </msg>
<msg timestamp="20210902 23:01:33.746" level="INFO">${response} = &lt;Response [200]&gt;</msg>
<status status="PASS" starttime="20210902 23:01:33.229" endtime="20210902 23:01:33.746"/>
</kw>
<kw name="Set Variable" library="BuiltIn">
<var>${client_key}</var>
<arg>${response.json()}[client_key]</arg>
<doc>Returns the given values which can then be assigned to a variables.</doc>
<msg timestamp="20210902 23:01:33.749" level="INFO">${client_key} = 61302a70874ab200165f19db</msg>
<status status="PASS" starttime="20210902 23:01:33.747" endtime="20210902 23:01:33.749"/>
</kw>
<kw name="Create Dictionary" library="BuiltIn">
<var>&amp;{HEADERS}</var>
<arg>client_key=${client_key}</arg>
<doc>Creates and returns a dictionary based on the given ``items``.</doc>
<msg timestamp="20210902 23:01:33.750" level="INFO">&amp;{HEADERS} = { client_key=61302a70874ab200165f19db }</msg>
<status status="PASS" starttime="20210902 23:01:33.749" endtime="20210902 23:01:33.750"/>
</kw>
<kw name="Set Suite Variable" library="BuiltIn">
<arg>${HEADERS}</arg>
<doc>Makes a variable available everywhere within the scope of the current suite.</doc>
<msg timestamp="20210902 23:01:33.751" level="INFO">${HEADERS} = {'client_key': '61302a70874ab200165f19db'}</msg>
<status status="PASS" starttime="20210902 23:01:33.750" endtime="20210902 23:01:33.751"/>
</kw>
<status status="PASS" starttime="20210902 23:01:33.225" endtime="20210902 23:01:33.751"/>
</kw>
<kw name="Factory Character" library="Character">
<var>&amp;{personagem}</var>
<msg timestamp="20210902 23:01:33.753" level="INFO">&amp;{personagem} = { name=Andrew Smith | aliases=Jason | age=3000 | team=Ordem Negra | active=False }</msg>
<status status="PASS" starttime="20210902 23:01:33.751" endtime="20210902 23:01:33.753"/>
</kw>
<kw name="POST" library="RequestsLibrary">
<var>${response}</var>
<arg>http://marvel.qaninja.academy/characters</arg>
<arg>json=${personagem}</arg>
<arg>headers=${headers}</arg>
<doc>Sends a POST request.</doc>
<msg timestamp="20210902 23:01:34.365" level="INFO">POST Request : url=http://marvel.qaninja.academy/characters 
 path_url=/characters 
 headers={'User-Agent': 'python-requests/2.26.0', 'Accept-Encoding': 'gzip, deflate', 'Accept': '*/*', 'Connection': 'keep-alive', 'client_key': '61302a70874ab200165f19db', 'Content-Length': '97', 'Content-Type': 'application/json'} 
 body=b'{"name": "Andrew Smith", "aliases": "Jason", "age": 3000, "team": "Ordem Negra", "active": false}' 
 </msg>
<msg timestamp="20210902 23:01:34.365" level="INFO">POST Response : url=http://marvel.qaninja.academy/characters 
 status=200, reason=OK 
 headers={'Server': 'Cowboy', 'Connection': 'keep-alive', 'X-Powered-By': 'Express', 'Access-Control-Allow-Origin': '*', 'Content-Type': 'application/json; charset=utf-8', 'Content-Length': '156', 'Etag': 'W/"9c-/9eg8tbFPf8IBKu9xUuzb1Rzk4s"', 'Date': 'Fri, 03 Sep 2021 02:01:34 GMT', 'Via': '1.1 vegur'} 
 body={"_id":"613181fe2f65af00162b4cd3","name":"Andrew Smith","age":3000,"aliases":"Jason","team":"Ordem Negra","active":false,"owner":"61302a70874ab200165f19db"} 
 </msg>
<msg timestamp="20210902 23:01:34.366" level="INFO">${response} = &lt;Response [200]&gt;</msg>
<status status="PASS" starttime="20210902 23:01:33.753" endtime="20210902 23:01:34.366"/>
</kw>
<kw name="Status Should Be" library="RequestsLibrary">
<arg>200</arg>
<arg>${response}</arg>
<doc>Fails if response status code is different than the expected.</doc>
<status status="PASS" starttime="20210902 23:01:34.366" endtime="20210902 23:01:34.368"/>
</kw>
<status status="PASS" starttime="20210902 23:01:33.223" endtime="20210902 23:01:34.368"/>
</test>
<doc>Suite de testes do cadastro de personagens da API da Marvel</doc>
<status status="PASS" starttime="20210902 23:01:31.240" endtime="20210902 23:01:34.370"/>
</suite>
<statistics>
<total>
<stat pass="1" fail="0" skip="0">All Tests</stat>
</total>
<tag>
</tag>
<suite>
<stat pass="1" fail="0" skip="0" id="s1" name="CreateCharacters">CreateCharacters</stat>
</suite>
</statistics>
<errors>
</errors>
</robot>
