<?xml version="1.0" encoding="UTF-8"?>
<robot generator="Robot 4.1 (Python 3.9.6 on linux)" generated="20210901 22:37:55.558" rpa="false" schemaversion="2">
<suite id="s1" name="CreateCharacters" source="/home/adbosa/robot-space/marvel-api/CreateCharacters.robot">
<test id="s1-t1" name="Deve cadastrar um personagem">
<kw name="Header Builder">
<arg>golias@zoo.ny</arg>
<kw name="Create Dictionary" library="BuiltIn">
<var>&amp;{usuario}</var>
<arg>email=${email}</arg>
<doc>Creates and returns a dictionary based on the given ``items``.</doc>
<msg timestamp="20210901 22:37:55.794" level="INFO">&amp;{usuario} = { email=golias@zoo.ny }</msg>
<status status="PASS" starttime="20210901 22:37:55.793" endtime="20210901 22:37:55.794"/>
</kw>
<kw name="POST" library="RequestsLibrary">
<var>${response}</var>
<arg>http://marvel.qaninja.academy/accounts</arg>
<arg>json=${usuario}</arg>
<doc>Sends a POST request.</doc>
<msg timestamp="20210901 22:37:56.724" level="INFO">POST Request : url=http://marvel.qaninja.academy/accounts 
 path_url=/accounts 
 headers={'User-Agent': 'python-requests/2.26.0', 'Accept-Encoding': 'gzip, deflate', 'Accept': '*/*', 'Connection': 'keep-alive', 'Content-Length': '26', 'Content-Type': 'application/json'} 
 body=b'{"email": "golias@zoo.ny"}' 
 </msg>
<msg timestamp="20210901 22:37:56.724" level="INFO">POST Response : url=http://marvel.qaninja.academy/accounts 
 status=200, reason=OK 
 headers={'Server': 'Cowboy', 'Connection': 'keep-alive', 'X-Powered-By': 'Express', 'Access-Control-Allow-Origin': '*', 'Content-Type': 'application/json; charset=utf-8', 'Content-Length': '41', 'Etag': 'W/"29-YQRn8XRGGtpyueWhfUrRgddCJp4"', 'Date': 'Thu, 02 Sep 2021 01:37:56 GMT', 'Via': '1.1 vegur'} 
 body={"client_key":"61302a70874ab200165f19db"} 
 </msg>
<msg timestamp="20210901 22:37:56.725" level="INFO">${response} = &lt;Response [200]&gt;</msg>
<status status="PASS" starttime="20210901 22:37:55.794" endtime="20210901 22:37:56.725"/>
</kw>
<kw name="Set Variable" library="BuiltIn">
<var>${client_key}</var>
<arg>${response.json()}[client_key]</arg>
<doc>Returns the given values which can then be assigned to a variables.</doc>
<msg timestamp="20210901 22:37:56.728" level="INFO">${client_key} = 61302a70874ab200165f19db</msg>
<status status="PASS" starttime="20210901 22:37:56.726" endtime="20210901 22:37:56.728"/>
</kw>
<kw name="Create Dictionary" library="BuiltIn">
<var>&amp;{HEADERS}</var>
<arg>client_key=${client_key}</arg>
<doc>Creates and returns a dictionary based on the given ``items``.</doc>
<msg timestamp="20210901 22:37:56.730" level="INFO">&amp;{HEADERS} = { client_key=61302a70874ab200165f19db }</msg>
<status status="PASS" starttime="20210901 22:37:56.729" endtime="20210901 22:37:56.730"/>
</kw>
<kw name="Set Suite Variable" library="BuiltIn">
<arg>${HEADERS}</arg>
<doc>Makes a variable available everywhere within the scope of the current suite.</doc>
<msg timestamp="20210901 22:37:56.732" level="INFO">${HEADERS} = {'client_key': '61302a70874ab200165f19db'}</msg>
<status status="PASS" starttime="20210901 22:37:56.731" endtime="20210901 22:37:56.732"/>
</kw>
<status status="PASS" starttime="20210901 22:37:55.792" endtime="20210901 22:37:56.733"/>
</kw>
<kw name="Factory Character" library="Character">
<var>&amp;{personagem}</var>
<msg timestamp="20210901 22:37:56.735" level="INFO">&amp;{personagem} = { name=Jesus Cisneros | aliases=Eric | age=3000 | team=Ordem Negra | active=False }</msg>
<status status="PASS" starttime="20210901 22:37:56.733" endtime="20210901 22:37:56.735"/>
</kw>
<kw name="POST" library="RequestsLibrary">
<var>${response}</var>
<arg>http://marvel.qaninja.academy/characters</arg>
<arg>json=${personagem}</arg>
<arg>headers=${headers}</arg>
<doc>Sends a POST request.</doc>
<msg timestamp="20210901 22:38:00.423" level="INFO">POST Request : url=http://marvel.qaninja.academy/characters 
 path_url=/characters 
 headers={'User-Agent': 'python-requests/2.26.0', 'Accept-Encoding': 'gzip, deflate', 'Accept': '*/*', 'Connection': 'keep-alive', 'client_key': '61302a70874ab200165f19db', 'Content-Length': '98', 'Content-Type': 'application/json'} 
 body=b'{"name": "Jesus Cisneros", "aliases": "Eric", "age": 3000, "team": "Ordem Negra", "active": false}' 
 </msg>
<msg timestamp="20210901 22:38:00.423" level="INFO">POST Response : url=http://marvel.qaninja.academy/characters 
 status=200, reason=OK 
 headers={'Server': 'Cowboy', 'Connection': 'keep-alive', 'X-Powered-By': 'Express', 'Access-Control-Allow-Origin': '*', 'Content-Type': 'application/json; charset=utf-8', 'Content-Length': '157', 'Etag': 'W/"9d-nw/Nn09v6bIR1Xpqcp5aRhAc6g0"', 'Date': 'Thu, 02 Sep 2021 01:38:00 GMT', 'Via': '1.1 vegur'} 
 body={"_id":"61302af8874ab200165f19ec","name":"Jesus Cisneros","age":3000,"aliases":"Eric","team":"Ordem Negra","active":false,"owner":"61302a70874ab200165f19db"} 
 </msg>
<msg timestamp="20210901 22:38:00.424" level="INFO">${response} = &lt;Response [200]&gt;</msg>
<status status="PASS" starttime="20210901 22:37:56.736" endtime="20210901 22:38:00.424"/>
</kw>
<kw name="Status Should Be" library="RequestsLibrary">
<arg>200</arg>
<arg>${response}</arg>
<doc>Fails if response status code is different than the expected.</doc>
<status status="PASS" starttime="20210901 22:38:00.424" endtime="20210901 22:38:00.425"/>
</kw>
<status status="PASS" starttime="20210901 22:37:55.792" endtime="20210901 22:38:00.426"/>
</test>
<doc>Suite de testes do cadastro de personagens da API da Marvel</doc>
<status status="PASS" starttime="20210901 22:37:55.559" endtime="20210901 22:38:00.428"/>
</suite>
<statistics>
<total>
<stat pass="1" fail="0" skip="0">All Tests</stat>
</total>
<tag>
</tag>
<suite>
<stat pass="1" fail="0" skip="0" id="s1" name="CreateCharacters">CreateCharacters</stat>
</suite>
</statistics>
<errors>
</errors>
</robot>
